<?xml version="1.0" encoding="UTF-8"?>
<!-- Generated by org.testng.reporters.JUnitReportReporter -->
<testsuite skipped="0" hostname="D1ML22830" name="com.demoaut.newtours.tests.BookTicketsTest" tests="1" failures="0" timestamp="02 Jul 2018 09:41:18 GMT" time="11.760" errors="0">
  <testcase name="registerUserWithCorrectCreds" time="11.760" classname="com.demoaut.newtours.tests.BookTicketsTest"/>
</testsuite> <!-- com.demoaut.newtours.tests.BookTicketsTest -->
