<?xml version="1.0" encoding="UTF-8"?>
<!-- Generated by org.testng.reporters.JUnitReportReporter -->
<testsuite skipped="0" hostname="D1ML22830" name="com.demoaut.newtours.tests.VerifyExcelDataTest" tests="1" failures="0" timestamp="28 Jun 2018 09:29:34 GMT" time="147.712" errors="0">
  <testcase name="readData" time="147.712" classname="com.demoaut.newtours.tests.VerifyExcelDataTest"/>
</testsuite> <!-- com.demoaut.newtours.tests.VerifyExcelDataTest -->
